[2021-12-08 18:45:05,105] {taskinstance.py:1035} INFO - Dependencies all met for <TaskInstance: calculate_twitter_trending_topic_duration.calculate_time_trending scheduled__2021-12-08T11:40:00+00:00 [queued]>
[2021-12-08 18:45:05,112] {taskinstance.py:1035} INFO - Dependencies all met for <TaskInstance: calculate_twitter_trending_topic_duration.calculate_time_trending scheduled__2021-12-08T11:40:00+00:00 [queued]>
[2021-12-08 18:45:05,112] {taskinstance.py:1241} INFO - 
--------------------------------------------------------------------------------
[2021-12-08 18:45:05,112] {taskinstance.py:1242} INFO - Starting attempt 1 of 1
[2021-12-08 18:45:05,112] {taskinstance.py:1243} INFO - 
--------------------------------------------------------------------------------
[2021-12-08 18:45:05,121] {taskinstance.py:1262} INFO - Executing <Task(PythonOperator): calculate_time_trending> on 2021-12-08 11:40:00+00:00
[2021-12-08 18:45:05,174] {standard_task_runner.py:52} INFO - Started process 20917 to run task
[2021-12-08 18:45:05,179] {standard_task_runner.py:76} INFO - Running: ['airflow', 'tasks', 'run', 'calculate_twitter_trending_topic_duration', 'calculate_time_trending', 'scheduled__2021-12-08T11:40:00+00:00', '--job-id', '609', '--raw', '--subdir', 'DAGS_FOLDER/trending_tweet.py', '--cfg-path', '/tmp/tmpd1cobaxm', '--error-file', '/tmp/tmps58n422j']
[2021-12-08 18:45:05,181] {standard_task_runner.py:77} INFO - Job 609: Subtask calculate_time_trending
[2021-12-08 18:45:05,252] {logging_mixin.py:109} INFO - Running <TaskInstance: calculate_twitter_trending_topic_duration.calculate_time_trending scheduled__2021-12-08T11:40:00+00:00 [running]> on host LAPTOP-816OFLVR.localdomain
[2021-12-08 18:45:05,303] {logging_mixin.py:109} WARNING - /home/reza/.local/lib/python3.8/site-packages/airflow/models/xcom.py:323 SAWarning: TypeDecorator UtcDateTime(timezone=True) will not produce a cache key because the ``cache_ok`` flag is not set to True.  Set this flag to True if this type object's state is safe to use in a cache key, or False to disable this warning.
[2021-12-08 18:45:05,325] {logging_mixin.py:109} WARNING - /home/reza/.local/lib/python3.8/site-packages/airflow/models/renderedtifields.py:126 SAWarning: TypeDecorator UtcDateTime(timezone=True) will not produce a cache key because the ``cache_ok`` flag is not set to True.  Set this flag to True if this type object's state is safe to use in a cache key, or False to disable this warning.
[2021-12-08 18:45:05,332] {logging_mixin.py:109} WARNING - /home/reza/.local/lib/python3.8/site-packages/airflow/models/renderedtifields.py:162 SAWarning: Coercing Subquery object into a select() for use in IN(); please pass a select() construct explicitly
[2021-12-08 18:45:05,346] {logging_mixin.py:109} WARNING - /home/reza/.local/lib/python3.8/site-packages/airflow/models/renderedtifields.py:159 SAWarning: TypeDecorator UtcDateTime(timezone=True) will not produce a cache key because the ``cache_ok`` flag is not set to True.  Set this flag to True if this type object's state is safe to use in a cache key, or False to disable this warning.
[2021-12-08 18:45:05,351] {taskinstance.py:1427} INFO - Exporting the following env vars:
AIRFLOW_CTX_DAG_OWNER=Reza
AIRFLOW_CTX_DAG_ID=calculate_twitter_trending_topic_duration
AIRFLOW_CTX_TASK_ID=calculate_time_trending
AIRFLOW_CTX_EXECUTION_DATE=2021-12-08T11:40:00+00:00
AIRFLOW_CTX_DAG_RUN_ID=scheduled__2021-12-08T11:40:00+00:00
[2021-12-08 18:45:05,384] {logging_mixin.py:109} INFO -                       topic      country     woeid                 created_at                 stopped_at
0                     AYATO     Malaysia  23424901 2021-12-08 12:20:03.241233 2021-12-08 12:30:03.351502
1                     AYATO  Philippines  23424934 2021-12-08 12:20:03.242627 2021-12-08 12:30:03.352633
2                     AYATO    Indonesia  23424846 2021-12-08 12:20:03.227287 2021-12-08 12:35:03.926857
3                     AYATO    Singapore  23424948 2021-12-08 12:20:03.243477 2021-12-08 12:35:03.927715
4                     Ayato  Philippines  23424934 2021-12-08 12:30:03.349903 2021-12-08 13:25:04.443210
5                     Ayato    Indonesia  23424846 2021-12-08 12:35:03.917894 2021-12-08 13:35:04.017976
6                     Ayato     Malaysia  23424901 2021-12-08 12:30:03.343197 2021-12-08 13:55:03.399924
7                #แบนSITALA     Thailand  23424960 2021-12-08 12:20:03.244242 2021-12-08 14:00:04.132968
8                    #kookv     Thailand  23424960 2021-12-08 14:00:04.125976 2021-12-08 14:25:03.232749
9                   TAEKOOK    Indonesia  23424846 2021-12-08 13:35:04.011542 2021-12-08 15:05:03.845543
10                    Ayato    Singapore  23424948 2021-12-08 12:35:03.925795 2021-12-08 15:10:03.416630
11                  TAEKOOK  Philippines  23424934 2021-12-08 13:25:04.435071 2021-12-08 15:10:03.417529
12                  TAEKOOK     Malaysia  23424901 2021-12-08 13:55:03.391634 2021-12-08 15:10:03.418559
13                  taekook    Indonesia  23424846 2021-12-08 15:05:03.839208 2021-12-08 15:15:03.989914
14                  taekook    Singapore  23424948 2021-12-08 15:10:03.415882 2021-12-08 15:30:03.635592
15               #แบนSITALA     Thailand  23424960 2021-12-08 14:25:03.225249 2021-12-08 15:40:03.717533
16                  taekook     Malaysia  23424901 2021-12-08 15:10:03.407919 2021-12-08 15:45:03.681171
17                  taekook  Philippines  23424934 2021-12-08 15:10:03.414450 2021-12-08 15:45:03.682115
18                  Taekook     Malaysia  23424901 2021-12-08 15:45:03.673481 2021-12-08 15:50:03.948635
19                    Ayato    Singapore  23424948 2021-12-08 15:30:03.629496 2021-12-08 15:55:03.140653
20                  TAEKOOK  Philippines  23424934 2021-12-08 15:45:03.679989 2021-12-08 15:55:03.141615
21                  TAEKOOK     Malaysia  23424901 2021-12-08 15:50:03.942325 2021-12-08 15:55:03.142353
22                 #B430TS1     Thailand  23424960 2021-12-08 15:40:03.711044 2021-12-08 16:00:03.135330
23                  taekook     Malaysia  23424901 2021-12-08 15:55:03.131832 2021-12-08 16:05:03.918702
24  #InovasiTelkomIndofarma    Indonesia  23424846 2021-12-08 15:15:03.983904 2021-12-08 16:20:05.635653
25        #TRUZMentionParty    Indonesia  23424846 2021-12-08 16:20:05.628921 2021-12-08 16:25:04.102118
26            #ELEVEN1stWin    Indonesia  23424846 2021-12-08 16:30:08.902469 2021-12-08 18:45:05.375890
27                  taekook  Philippines  23424934 2021-12-08 15:55:03.138551 2021-12-08 16:30:08.911323
28                    Ayato     Malaysia  23424901 2021-12-08 16:05:03.912462 2021-12-08 16:30:08.912535
29                 #Hawkeye    Indonesia  23424846 2021-12-08 16:25:04.095066 2021-12-08 16:30:08.913601
30                 #B430TS1    Singapore  23424948 2021-12-08 15:55:03.139728 2021-12-08 16:35:03.684573
31            #ELEVEN1stWin  Philippines  23424934 2021-12-08 16:40:03.821857 2021-12-08 18:45:05.375935
32               #IVE1stWin  Philippines  23424934 2021-12-08 16:30:08.910395 2021-12-08 16:40:03.827906
33            #ELEVEN1stWin    Singapore  23424948 2021-12-08 16:35:03.678161 2021-12-08 17:00:03.839252
34    #Lazada1212XBrightWin     Thailand  23424960 2021-12-08 17:05:03.524764 2021-12-08 18:45:05.375939
35               #แบนSITALA     Thailand  23424960 2021-12-08 16:00:03.128972 2021-12-08 17:05:03.525886
36               #IVE1stWin    Singapore  23424948 2021-12-08 17:00:03.833255 2021-12-08 17:05:03.527007
37            #ELEVEN1stWin     Malaysia  23424901 2021-12-08 16:30:08.909347 2021-12-08 18:00:04.157045
38            #ELEVEN1stWin    Singapore  23424948 2021-12-08 17:05:03.518789 2021-12-08 18:00:04.158136
39               #IVE1stWin     Malaysia  23424901 2021-12-08 18:00:04.149417 2021-12-08 18:05:04.166529
40               #IVE1stwin     Malaysia  23424901 2021-12-08 18:05:04.164536 2021-12-08 18:10:03.803414
41            #ELEVEN1stWin     Malaysia  23424901 2021-12-08 18:10:03.797644 2021-12-08 18:20:04.072580
42            #ELEVEN1stWin     Malaysia  23424901 2021-12-08 18:25:08.886427 2021-12-08 18:45:05.375944
43               #IVE1stwin     Malaysia  23424901 2021-12-08 18:20:04.070576 2021-12-08 18:25:08.892382
44                    Ayato    Singapore  23424948 2021-12-08 18:00:04.155369 2021-12-08 18:35:04.208128
45                    Ayato    Singapore  23424948 2021-12-08 18:40:04.300365 2021-12-08 18:45:05.375947
46                    ayato    Singapore  23424948 2021-12-08 18:35:04.200893 2021-12-08 18:40:04.307040
[2021-12-08 18:45:05,394] {logging_mixin.py:109} INFO -                       topic      country     woeid  duration
0                  #B430TS1    Singapore  23424948      40.0
1                  #B430TS1     Thailand  23424960      19.0
2             #ELEVEN1stWin    Indonesia  23424846     134.0
3             #ELEVEN1stWin     Malaysia  23424901     118.0
4             #ELEVEN1stWin  Philippines  23424934     125.0
5             #ELEVEN1stWin    Singapore  23424948      80.0
6                  #Hawkeye    Indonesia  23424846       5.0
7                #IVE1stWin     Malaysia  23424901       5.0
8                #IVE1stWin  Philippines  23424934       9.0
9                #IVE1stWin    Singapore  23424948       4.0
10               #IVE1stwin     Malaysia  23424901       9.0
11  #InovasiTelkomIndofarma    Indonesia  23424846      65.0
12    #Lazada1212XBrightWin     Thailand  23424960     100.0
13        #TRUZMentionParty    Indonesia  23424846       4.0
14                   #kookv     Thailand  23424960      24.0
15               #แบนSITALA     Thailand  23424960     240.0
16                    AYATO    Indonesia  23424846      15.0
17                    AYATO     Malaysia  23424901      10.0
18                    AYATO  Philippines  23424934      10.0
19                    AYATO    Singapore  23424948      15.0
20                    Ayato    Indonesia  23424846      60.0
21                    Ayato     Malaysia  23424901     110.0
22                    Ayato  Philippines  23424934      55.0
23                    Ayato    Singapore  23424948     218.0
24                  TAEKOOK    Indonesia  23424846      89.0
25                  TAEKOOK     Malaysia  23424901      79.0
26                  TAEKOOK  Philippines  23424934     113.0
27                  Taekook     Malaysia  23424901       5.0
28                    ayato    Singapore  23424948       5.0
29                  taekook    Indonesia  23424846      10.0
30                  taekook     Malaysia  23424901      45.0
31                  taekook  Philippines  23424934      70.0
32                  taekook    Singapore  23424948      20.0
[2021-12-08 18:45:05,395] {python.py:152} INFO - Done. Returned value was: None
[2021-12-08 18:45:05,416] {taskinstance.py:1270} INFO - Marking task as SUCCESS. dag_id=calculate_twitter_trending_topic_duration, task_id=calculate_time_trending, execution_date=20211208T114000, start_date=20211208T114505, end_date=20211208T114505
[2021-12-08 18:45:05,435] {local_task_job.py:154} INFO - Task exited with return code 0
[2021-12-08 18:45:05,488] {local_task_job.py:264} INFO - 0 downstream tasks scheduled from follow-on schedule check
[2021-12-08 18:45:05,491] {logging_mixin.py:109} WARNING - /home/reza/.local/lib/python3.8/site-packages/airflow/models/dag.py:1076 SADeprecationWarning: Query.value() is deprecated and will be removed in a future release.  Please use Query.with_entities() in combination with Query.scalar() (deprecated since: 1.4)
[2021-12-08 18:45:05,491] {logging_mixin.py:109} WARNING - /home/reza/.local/lib/python3.8/site-packages/airflow/models/dag.py:1076 SADeprecationWarning: Query.values() is deprecated and will be removed in a future release.  Please use Query.with_entities() (deprecated since: 1.4)
