[2021-12-08 12:20:04,661] {taskinstance.py:1035} INFO - Dependencies all met for <TaskInstance: calculate_twitter_trending_topic_duration.calculate_time_trending scheduled__2021-12-08T05:15:00+00:00 [queued]>
[2021-12-08 12:20:04,668] {taskinstance.py:1035} INFO - Dependencies all met for <TaskInstance: calculate_twitter_trending_topic_duration.calculate_time_trending scheduled__2021-12-08T05:15:00+00:00 [queued]>
[2021-12-08 12:20:04,668] {taskinstance.py:1241} INFO - 
--------------------------------------------------------------------------------
[2021-12-08 12:20:04,668] {taskinstance.py:1242} INFO - Starting attempt 1 of 1
[2021-12-08 12:20:04,669] {taskinstance.py:1243} INFO - 
--------------------------------------------------------------------------------
[2021-12-08 12:20:04,683] {taskinstance.py:1262} INFO - Executing <Task(PythonOperator): calculate_time_trending> on 2021-12-08 05:15:00+00:00
[2021-12-08 12:20:04,736] {standard_task_runner.py:52} INFO - Started process 16204 to run task
[2021-12-08 12:20:04,741] {standard_task_runner.py:76} INFO - Running: ['airflow', 'tasks', 'run', 'calculate_twitter_trending_topic_duration', 'calculate_time_trending', 'scheduled__2021-12-08T05:15:00+00:00', '--job-id', '455', '--raw', '--subdir', 'DAGS_FOLDER/trending_tweet.py', '--cfg-path', '/tmp/tmpdiai3wf1', '--error-file', '/tmp/tmpzgasq_jw']
[2021-12-08 12:20:04,742] {standard_task_runner.py:77} INFO - Job 455: Subtask calculate_time_trending
[2021-12-08 12:20:04,813] {logging_mixin.py:109} INFO - Running <TaskInstance: calculate_twitter_trending_topic_duration.calculate_time_trending scheduled__2021-12-08T05:15:00+00:00 [running]> on host LAPTOP-816OFLVR.localdomain
[2021-12-08 12:20:04,869] {logging_mixin.py:109} WARNING - /home/reza/.local/lib/python3.8/site-packages/airflow/models/xcom.py:323 SAWarning: TypeDecorator UtcDateTime(timezone=True) will not produce a cache key because the ``cache_ok`` flag is not set to True.  Set this flag to True if this type object's state is safe to use in a cache key, or False to disable this warning.
[2021-12-08 12:20:04,891] {logging_mixin.py:109} WARNING - /home/reza/.local/lib/python3.8/site-packages/airflow/models/renderedtifields.py:126 SAWarning: TypeDecorator UtcDateTime(timezone=True) will not produce a cache key because the ``cache_ok`` flag is not set to True.  Set this flag to True if this type object's state is safe to use in a cache key, or False to disable this warning.
[2021-12-08 12:20:04,902] {logging_mixin.py:109} WARNING - /home/reza/.local/lib/python3.8/site-packages/airflow/models/renderedtifields.py:162 SAWarning: Coercing Subquery object into a select() for use in IN(); please pass a select() construct explicitly
[2021-12-08 12:20:04,921] {logging_mixin.py:109} WARNING - /home/reza/.local/lib/python3.8/site-packages/airflow/models/renderedtifields.py:159 SAWarning: TypeDecorator UtcDateTime(timezone=True) will not produce a cache key because the ``cache_ok`` flag is not set to True.  Set this flag to True if this type object's state is safe to use in a cache key, or False to disable this warning.
[2021-12-08 12:20:04,926] {taskinstance.py:1427} INFO - Exporting the following env vars:
AIRFLOW_CTX_DAG_OWNER=Reza
AIRFLOW_CTX_DAG_ID=calculate_twitter_trending_topic_duration
AIRFLOW_CTX_TASK_ID=calculate_time_trending
AIRFLOW_CTX_EXECUTION_DATE=2021-12-08T05:15:00+00:00
AIRFLOW_CTX_DAG_RUN_ID=scheduled__2021-12-08T05:15:00+00:00
[2021-12-08 12:20:04,951] {logging_mixin.py:109} INFO - Empty DataFrame
Columns: [topic, country, woeid, created_at, stopped_at]
Index: []
[2021-12-08 12:20:04,956] {logging_mixin.py:109} INFO - Empty DataFrame
Columns: [topic, country, woeid]
Index: []=
[2021-12-08 12:20:04,956] {python.py:152} INFO - Done. Returned value was: None
[2021-12-08 12:20:04,980] {taskinstance.py:1270} INFO - Marking task as SUCCESS. dag_id=calculate_twitter_trending_topic_duration, task_id=calculate_time_trending, execution_date=20211208T051500, start_date=20211208T052004, end_date=20211208T052004
[2021-12-08 12:20:04,994] {local_task_job.py:154} INFO - Task exited with return code 0
[2021-12-08 12:20:05,052] {local_task_job.py:264} INFO - 0 downstream tasks scheduled from follow-on schedule check
[2021-12-08 12:20:05,055] {logging_mixin.py:109} WARNING - /home/reza/.local/lib/python3.8/site-packages/airflow/models/dag.py:1076 SADeprecationWarning: Query.value() is deprecated and will be removed in a future release.  Please use Query.with_entities() in combination with Query.scalar() (deprecated since: 1.4)
[2021-12-08 12:20:05,055] {logging_mixin.py:109} WARNING - /home/reza/.local/lib/python3.8/site-packages/airflow/models/dag.py:1076 SADeprecationWarning: Query.values() is deprecated and will be removed in a future release.  Please use Query.with_entities() (deprecated since: 1.4)
